<?xml version="1.0" encoding="UTF-8"?>
<!-- Generated by org.testng.reporters.JUnitReportReporter -->
<testsuite skipped="0" hostname="DESKTOP-EDF0PKD" name="tests.TC001" tests="1" failures="0" timestamp="16 Aug 2020 18:21:34 GMT" time="44.227" errors="0">
  <testcase name="validLogin" time="44.227" classname="tests.TC001"/>
</testsuite> <!-- tests.TC001 -->
