<?xml version="1.0" encoding="UTF-8"?>
<!-- Generated by org.testng.reporters.JUnitReportReporter -->
<testsuite skipped="0" hostname="DESKTOP-EDF0PKD" name="tests.TC001" tests="1" failures="0" timestamp="2020-08-17T00:34:02 IST" time="43.098" errors="0">
  <testcase name="validLogin" time="43.098" classname="tests.TC001"/>
  <system-out>
Not able to read data Not able to read data  </system-out>
</testsuite> <!-- tests.TC001 -->
